2025-02-05T21:33:45.094+03:00  INFO 45716 --- [WebTasksManager] [main] n.o.w.WebTasksManagerApplication         : Starting WebTasksManagerApplication using Java 17.0.9 with PID 45716 (C:\JavaLessons\Spring\WebTasksManager\WebTasksManager\target\classes started by metan in C:\JavaLessons\Spring\WebTasksManager\WebTasksManager)
2025-02-05T21:33:45.098+03:00  INFO 45716 --- [WebTasksManager] [main] n.o.w.WebTasksManagerApplication         : No active profile set, falling back to 1 default profile: "default"
2025-02-05T21:33:45.743+03:00  WARN 45716 --- [WebTasksManager] [main] ConfigServletWebServerApplicationContext : Exception encountered during context initialization - cancelling refresh attempt: org.springframework.beans.factory.support.BeanDefinitionOverrideException: Invalid bean definition with name 'securityFilterChain' defined in class path resource [net/orekhov/webtasksmanager/security/jwt_authentication/SecurityConfigWithCookies.class]: Cannot register bean definition [Root bean: class=null; scope=; abstract=false; lazyInit=null; autowireMode=3; dependencyCheck=0; autowireCandidate=true; primary=false; fallback=false; factoryBeanName=securityConfigWithCookies; factoryMethodName=securityFilterChain; initMethodNames=null; destroyMethodNames=[(inferred)]; defined in class path resource [net/orekhov/webtasksmanager/security/jwt_authentication/SecurityConfigWithCookies.class]] for bean 'securityFilterChain' since there is already [Root bean: class=null; scope=; abstract=false; lazyInit=null; autowireMode=3; dependencyCheck=0; autowireCandidate=true; primary=false; fallback=false; factoryBeanName=securityConfigWithAuthorization; factoryMethodName=securityFilterChain; initMethodNames=null; destroyMethodNames=[(inferred)]; defined in class path resource [net/orekhov/webtasksmanager/security/jwt_authentication/SecurityConfigWithAuthorization.class]] bound.
2025-02-05T21:33:45.752+03:00  INFO 45716 --- [WebTasksManager] [main] .s.b.a.l.ConditionEvaluationReportLogger : 

Error starting ApplicationContext. To display the condition evaluation report re-run your application with 'debug' enabled.
2025-02-05T21:33:45.775+03:00 ERROR 45716 --- [WebTasksManager] [main] o.s.b.d.LoggingFailureAnalysisReporter   : 

***************************
APPLICATION FAILED TO START
***************************

Description:

The bean 'securityFilterChain', defined in class path resource [net/orekhov/webtasksmanager/security/jwt_authentication/SecurityConfigWithCookies.class], could not be registered. A bean with that name has already been defined in class path resource [net/orekhov/webtasksmanager/security/jwt_authentication/SecurityConfigWithAuthorization.class] and overriding is disabled.

Action:

Consider renaming one of the beans or enabling overriding by setting spring.main.allow-bean-definition-overriding=true

2025-02-05T21:35:53.343+03:00  INFO 32616 --- [WebTasksManager] [main] n.o.w.WebTasksManagerApplication         : Starting WebTasksManagerApplication using Java 17.0.9 with PID 32616 (C:\JavaLessons\Spring\WebTasksManager\WebTasksManager\target\classes started by metan in C:\JavaLessons\Spring\WebTasksManager\WebTasksManager)
2025-02-05T21:35:53.347+03:00  INFO 32616 --- [WebTasksManager] [main] n.o.w.WebTasksManagerApplication         : No active profile set, falling back to 1 default profile: "default"
2025-02-05T21:35:53.848+03:00  WARN 32616 --- [WebTasksManager] [main] ConfigServletWebServerApplicationContext : Exception encountered during context initialization - cancelling refresh attempt: org.springframework.beans.factory.support.BeanDefinitionOverrideException: Invalid bean definition with name 'securityFilterChain' defined in class path resource [net/orekhov/webtasksmanager/security/jwt_authentication/SecurityConfigWithCookies.class]: Cannot register bean definition [Root bean: class=null; scope=; abstract=false; lazyInit=null; autowireMode=3; dependencyCheck=0; autowireCandidate=true; primary=false; fallback=false; factoryBeanName=securityConfigWithCookies; factoryMethodName=securityFilterChain; initMethodNames=null; destroyMethodNames=[(inferred)]; defined in class path resource [net/orekhov/webtasksmanager/security/jwt_authentication/SecurityConfigWithCookies.class]] for bean 'securityFilterChain' since there is already [Root bean: class=null; scope=; abstract=false; lazyInit=null; autowireMode=3; dependencyCheck=0; autowireCandidate=true; primary=false; fallback=false; factoryBeanName=securityConfigWithAuthorization; factoryMethodName=securityFilterChain; initMethodNames=null; destroyMethodNames=[(inferred)]; defined in class path resource [net/orekhov/webtasksmanager/security/jwt_authentication/SecurityConfigWithAuthorization.class]] bound.
2025-02-05T21:35:53.854+03:00  INFO 32616 --- [WebTasksManager] [main] .s.b.a.l.ConditionEvaluationReportLogger : 

Error starting ApplicationContext. To display the condition evaluation report re-run your application with 'debug' enabled.
2025-02-05T21:35:53.875+03:00 ERROR 32616 --- [WebTasksManager] [main] o.s.b.d.LoggingFailureAnalysisReporter   : 

***************************
APPLICATION FAILED TO START
***************************

Description:

The bean 'securityFilterChain', defined in class path resource [net/orekhov/webtasksmanager/security/jwt_authentication/SecurityConfigWithCookies.class], could not be registered. A bean with that name has already been defined in class path resource [net/orekhov/webtasksmanager/security/jwt_authentication/SecurityConfigWithAuthorization.class] and overriding is disabled.

Action:

Consider renaming one of the beans or enabling overriding by setting spring.main.allow-bean-definition-overriding=true

2025-02-05T21:50:11.605+03:00  INFO 16980 --- [WebTasksManager] [main] n.o.w.WebTasksManagerApplication         : Starting WebTasksManagerApplication using Java 17.0.9 with PID 16980 (C:\JavaLessons\Spring\WebTasksManager\WebTasksManager\target\classes started by metan in C:\JavaLessons\Spring\WebTasksManager\WebTasksManager)
2025-02-05T21:50:11.608+03:00  INFO 16980 --- [WebTasksManager] [main] n.o.w.WebTasksManagerApplication         : No active profile set, falling back to 1 default profile: "default"
2025-02-05T21:50:12.596+03:00  INFO 16980 --- [WebTasksManager] [main] .s.d.r.c.RepositoryConfigurationDelegate : Bootstrapping Spring Data JPA repositories in DEFAULT mode.
2025-02-05T21:50:12.774+03:00  INFO 16980 --- [WebTasksManager] [main] .s.d.r.c.RepositoryConfigurationDelegate : Finished Spring Data repository scanning in 155 ms. Found 2 JPA repository interfaces.
2025-02-05T21:50:13.610+03:00  INFO 16980 --- [WebTasksManager] [main] o.s.b.w.embedded.tomcat.TomcatWebServer  : Tomcat initialized with port 8080 (http)
2025-02-05T21:50:13.626+03:00  INFO 16980 --- [WebTasksManager] [main] o.apache.catalina.core.StandardService   : Starting service [Tomcat]
2025-02-05T21:50:13.626+03:00  INFO 16980 --- [WebTasksManager] [main] o.apache.catalina.core.StandardEngine    : Starting Servlet engine: [Apache Tomcat/10.1.34]
2025-02-05T21:50:13.698+03:00  INFO 16980 --- [WebTasksManager] [main] o.a.c.c.C.[Tomcat].[localhost].[/]       : Initializing Spring embedded WebApplicationContext
2025-02-05T21:50:13.699+03:00  INFO 16980 --- [WebTasksManager] [main] w.s.c.ServletWebServerApplicationContext : Root WebApplicationContext: initialization completed in 2044 ms
2025-02-05T21:50:13.841+03:00  INFO 16980 --- [WebTasksManager] [main] o.hibernate.jpa.internal.util.LogHelper  : HHH000204: Processing PersistenceUnitInfo [name: default]
2025-02-05T21:50:13.921+03:00  INFO 16980 --- [WebTasksManager] [main] org.hibernate.Version                    : HHH000412: Hibernate ORM core version 6.6.5.Final
2025-02-05T21:50:13.965+03:00  INFO 16980 --- [WebTasksManager] [main] o.h.c.internal.RegionFactoryInitiator    : HHH000026: Second-level cache disabled
2025-02-05T21:50:14.322+03:00  INFO 16980 --- [WebTasksManager] [main] o.s.o.j.p.SpringPersistenceUnitInfo      : No LoadTimeWeaver setup: ignoring JPA class transformer
2025-02-05T21:50:14.370+03:00  INFO 16980 --- [WebTasksManager] [main] com.zaxxer.hikari.HikariDataSource       : HikariPool-1 - Starting...
2025-02-05T21:50:14.607+03:00  INFO 16980 --- [WebTasksManager] [main] com.zaxxer.hikari.pool.HikariPool        : HikariPool-1 - Added connection org.postgresql.jdbc.PgConnection@c190cfc
2025-02-05T21:50:14.609+03:00  INFO 16980 --- [WebTasksManager] [main] com.zaxxer.hikari.HikariDataSource       : HikariPool-1 - Start completed.
2025-02-05T21:50:14.673+03:00  WARN 16980 --- [WebTasksManager] [main] org.hibernate.orm.deprecation            : HHH90000025: PostgreSQLDialect does not need to be specified explicitly using 'hibernate.dialect' (remove the property setting and it will be selected by default)
2025-02-05T21:50:14.708+03:00  INFO 16980 --- [WebTasksManager] [main] org.hibernate.orm.connections.pooling    : HHH10001005: Database info:
	Database JDBC URL [Connecting through datasource 'HikariDataSource (HikariPool-1)']
	Database driver: undefined/unknown
	Database version: 17.2
	Autocommit mode: undefined/unknown
	Isolation level: undefined/unknown
	Minimum pool size: undefined/unknown
	Maximum pool size: undefined/unknown
2025-02-05T21:50:15.914+03:00  INFO 16980 --- [WebTasksManager] [main] o.h.e.t.j.p.i.JtaPlatformInitiator       : HHH000489: No JTA platform available (set 'hibernate.transaction.jta.platform' to enable JTA platform integration)
2025-02-05T21:50:16.045+03:00  INFO 16980 --- [WebTasksManager] [main] j.LocalContainerEntityManagerFactoryBean : Initialized JPA EntityManagerFactory for persistence unit 'default'
2025-02-05T21:50:16.433+03:00  INFO 16980 --- [WebTasksManager] [main] r$InitializeUserDetailsManagerConfigurer : Global AuthenticationManager configured with UserDetailsService bean with name userPrincipalService
2025-02-05T21:50:16.496+03:00  WARN 16980 --- [WebTasksManager] [main] JpaBaseConfiguration$JpaWebConfiguration : spring.jpa.open-in-view is enabled by default. Therefore, database queries may be performed during view rendering. Explicitly configure spring.jpa.open-in-view to disable this warning
2025-02-05T21:50:17.264+03:00  INFO 16980 --- [WebTasksManager] [main] o.s.b.w.embedded.tomcat.TomcatWebServer  : Tomcat started on port 8080 (http) with context path '/'
2025-02-05T21:50:17.280+03:00  INFO 16980 --- [WebTasksManager] [main] n.o.w.WebTasksManagerApplication         : Started WebTasksManagerApplication in 6.177 seconds (process running for 6.973)
2025-02-05T21:50:45.338+03:00  INFO 16980 --- [WebTasksManager] [http-nio-8080-exec-1] o.a.c.c.C.[Tomcat].[localhost].[/]       : Initializing Spring DispatcherServlet 'dispatcherServlet'
2025-02-05T21:50:45.338+03:00  INFO 16980 --- [WebTasksManager] [http-nio-8080-exec-1] o.s.web.servlet.DispatcherServlet        : Initializing Servlet 'dispatcherServlet'
2025-02-05T21:50:45.338+03:00  INFO 16980 --- [WebTasksManager] [http-nio-8080-exec-1] o.s.web.servlet.DispatcherServlet        : Completed initialization in 0 ms
2025-02-05T21:50:59.635+03:00  INFO 16980 --- [WebTasksManager] [http-nio-8080-exec-10] o.apache.coyote.http11.Http11Processor   : Error parsing HTTP request header
 Note: further occurrences of HTTP request parsing errors will be logged at DEBUG level.

java.lang.IllegalArgumentException: Invalid character found in method name [0x160x030x010x060xa00x010x000x060x9c0x030x03+0xbem0x920xdc0x18^X0xb20x91); ]. HTTP method names must be tokens
	at org.apache.coyote.http11.Http11InputBuffer.parseRequestLine(Http11InputBuffer.java:406) ~[tomcat-embed-core-10.1.34.jar:10.1.34]
	at org.apache.coyote.http11.Http11Processor.service(Http11Processor.java:270) ~[tomcat-embed-core-10.1.34.jar:10.1.34]
	at org.apache.coyote.AbstractProcessorLight.process(AbstractProcessorLight.java:63) ~[tomcat-embed-core-10.1.34.jar:10.1.34]
	at org.apache.coyote.AbstractProtocol$ConnectionHandler.process(AbstractProtocol.java:905) ~[tomcat-embed-core-10.1.34.jar:10.1.34]
	at org.apache.tomcat.util.net.NioEndpoint$SocketProcessor.doRun(NioEndpoint.java:1741) ~[tomcat-embed-core-10.1.34.jar:10.1.34]
	at org.apache.tomcat.util.net.SocketProcessorBase.run(SocketProcessorBase.java:52) ~[tomcat-embed-core-10.1.34.jar:10.1.34]
	at org.apache.tomcat.util.threads.ThreadPoolExecutor.runWorker(ThreadPoolExecutor.java:1190) ~[tomcat-embed-core-10.1.34.jar:10.1.34]
	at org.apache.tomcat.util.threads.ThreadPoolExecutor$Worker.run(ThreadPoolExecutor.java:659) ~[tomcat-embed-core-10.1.34.jar:10.1.34]
	at org.apache.tomcat.util.threads.TaskThread$WrappingRunnable.run(TaskThread.java:63) ~[tomcat-embed-core-10.1.34.jar:10.1.34]
	at java.base/java.lang.Thread.run(Thread.java:840) ~[na:na]

2025-02-05T21:51:29.917+03:00  INFO 16980 --- [WebTasksManager] [http-nio-8080-exec-2] n.o.webtasksmanager.aop.LoggingAspect    : Запущена работа метода: findAll
2025-02-05T21:51:29.921+03:00  INFO 16980 --- [WebTasksManager] [http-nio-8080-exec-2] n.o.w.aop.TaskServiceAspect              : Вокруг метода - Перед выполнением: findAll
2025-02-05T21:51:29.921+03:00  INFO 16980 --- [WebTasksManager] [http-nio-8080-exec-2] n.o.w.aop.TaskServiceAspect              : Перед выполнением метода: findAll
2025-02-05T21:51:29.930+03:00  INFO 16980 --- [WebTasksManager] [http-nio-8080-exec-2] n.o.w.aop.TaskServiceAspect              : Метод успешно выполнен: findAll
2025-02-05T21:51:29.931+03:00  INFO 16980 --- [WebTasksManager] [http-nio-8080-exec-2] n.o.w.aop.TaskServiceAspect              : После выполнения метода: findAll
2025-02-05T21:51:29.931+03:00  INFO 16980 --- [WebTasksManager] [http-nio-8080-exec-2] n.o.w.aop.TaskServiceAspect              : Вокруг метода - После выполнения: findAll
2025-02-05T21:51:29.931+03:00  INFO 16980 --- [WebTasksManager] [http-nio-8080-exec-2] n.o.w.aop.MeasureExecutionTimeAspect     : Метод findAll был выполнен за: 10 мс
2025-02-05T21:51:38.665+03:00  INFO 16980 --- [WebTasksManager] [http-nio-8080-exec-4] n.o.webtasksmanager.aop.LoggingAspect    : Запущена работа метода: findAll
2025-02-05T21:51:38.665+03:00  INFO 16980 --- [WebTasksManager] [http-nio-8080-exec-4] n.o.w.aop.TaskServiceAspect              : Вокруг метода - Перед выполнением: findAll
2025-02-05T21:51:38.665+03:00  INFO 16980 --- [WebTasksManager] [http-nio-8080-exec-4] n.o.w.aop.TaskServiceAspect              : Перед выполнением метода: findAll
2025-02-05T21:51:38.669+03:00  INFO 16980 --- [WebTasksManager] [http-nio-8080-exec-4] n.o.w.aop.TaskServiceAspect              : Метод успешно выполнен: findAll
2025-02-05T21:51:38.670+03:00  INFO 16980 --- [WebTasksManager] [http-nio-8080-exec-4] n.o.w.aop.TaskServiceAspect              : После выполнения метода: findAll
2025-02-05T21:51:38.670+03:00  INFO 16980 --- [WebTasksManager] [http-nio-8080-exec-4] n.o.w.aop.TaskServiceAspect              : Вокруг метода - После выполнения: findAll
2025-02-05T21:51:38.670+03:00  INFO 16980 --- [WebTasksManager] [http-nio-8080-exec-4] n.o.w.aop.MeasureExecutionTimeAspect     : Метод findAll был выполнен за: 5 мс
2025-02-05T21:51:47.714+03:00  INFO 16980 --- [WebTasksManager] [http-nio-8080-exec-1] n.o.webtasksmanager.aop.LoggingAspect    : Запущена работа метода: save
2025-02-05T21:51:47.714+03:00  INFO 16980 --- [WebTasksManager] [http-nio-8080-exec-1] n.o.w.aop.TaskServiceAspect              : Вокруг метода - Перед выполнением: save
2025-02-05T21:51:47.715+03:00  INFO 16980 --- [WebTasksManager] [http-nio-8080-exec-1] n.o.w.aop.TaskServiceAspect              : Перед выполнением метода: save
2025-02-05T21:51:47.723+03:00  INFO 16980 --- [WebTasksManager] [http-nio-8080-exec-1] n.o.w.aop.TaskServiceAspect              : Метод успешно выполнен: save
2025-02-05T21:51:47.724+03:00  INFO 16980 --- [WebTasksManager] [http-nio-8080-exec-1] n.o.w.aop.TaskServiceAspect              : После выполнения метода: save
2025-02-05T21:51:47.724+03:00  INFO 16980 --- [WebTasksManager] [http-nio-8080-exec-1] n.o.w.aop.TaskServiceAspect              : Вокруг метода - После выполнения: save
2025-02-05T21:51:47.724+03:00  INFO 16980 --- [WebTasksManager] [http-nio-8080-exec-1] n.o.w.aop.MeasureExecutionTimeAspect     : Метод save был выполнен за: 10 мс
2025-02-05T21:51:47.741+03:00  INFO 16980 --- [WebTasksManager] [http-nio-8080-exec-3] n.o.webtasksmanager.aop.LoggingAspect    : Запущена работа метода: findAll
2025-02-05T21:51:47.741+03:00  INFO 16980 --- [WebTasksManager] [http-nio-8080-exec-3] n.o.w.aop.TaskServiceAspect              : Вокруг метода - Перед выполнением: findAll
2025-02-05T21:51:47.742+03:00  INFO 16980 --- [WebTasksManager] [http-nio-8080-exec-3] n.o.w.aop.TaskServiceAspect              : Перед выполнением метода: findAll
2025-02-05T21:51:47.746+03:00  INFO 16980 --- [WebTasksManager] [http-nio-8080-exec-3] n.o.w.aop.TaskServiceAspect              : Метод успешно выполнен: findAll
2025-02-05T21:51:47.747+03:00  INFO 16980 --- [WebTasksManager] [http-nio-8080-exec-3] n.o.w.aop.TaskServiceAspect              : После выполнения метода: findAll
2025-02-05T21:51:47.747+03:00  INFO 16980 --- [WebTasksManager] [http-nio-8080-exec-3] n.o.w.aop.TaskServiceAspect              : Вокруг метода - После выполнения: findAll
2025-02-05T21:51:47.747+03:00  INFO 16980 --- [WebTasksManager] [http-nio-8080-exec-3] n.o.w.aop.MeasureExecutionTimeAspect     : Метод findAll был выполнен за: 6 мс
2025-02-05T21:51:50.089+03:00  INFO 16980 --- [WebTasksManager] [http-nio-8080-exec-6] n.o.webtasksmanager.aop.LoggingAspect    : Запущена работа метода: findById
2025-02-05T21:51:50.090+03:00  INFO 16980 --- [WebTasksManager] [http-nio-8080-exec-6] n.o.w.aop.TaskServiceAspect              : Вокруг метода - Перед выполнением: findById
2025-02-05T21:51:50.090+03:00  INFO 16980 --- [WebTasksManager] [http-nio-8080-exec-6] n.o.w.aop.TaskServiceAspect              : Перед выполнением метода: findById
2025-02-05T21:51:50.101+03:00  INFO 16980 --- [WebTasksManager] [http-nio-8080-exec-6] n.o.w.aop.TaskServiceAspect              : Метод успешно выполнен: findById
2025-02-05T21:51:50.101+03:00  INFO 16980 --- [WebTasksManager] [http-nio-8080-exec-6] n.o.w.aop.TaskServiceAspect              : После выполнения метода: findById
2025-02-05T21:51:50.101+03:00  INFO 16980 --- [WebTasksManager] [http-nio-8080-exec-6] n.o.w.aop.TaskServiceAspect              : Вокруг метода - После выполнения: findById
2025-02-05T21:51:50.101+03:00  INFO 16980 --- [WebTasksManager] [http-nio-8080-exec-6] n.o.w.aop.MeasureExecutionTimeAspect     : Метод findById был выполнен за: 11 мс
2025-02-05T21:51:53.428+03:00  INFO 16980 --- [WebTasksManager] [http-nio-8080-exec-2] n.o.webtasksmanager.aop.LoggingAspect    : Запущена работа метода: save
2025-02-05T21:51:53.429+03:00  INFO 16980 --- [WebTasksManager] [http-nio-8080-exec-2] n.o.w.aop.TaskServiceAspect              : Вокруг метода - Перед выполнением: save
2025-02-05T21:51:53.429+03:00  INFO 16980 --- [WebTasksManager] [http-nio-8080-exec-2] n.o.w.aop.TaskServiceAspect              : Перед выполнением метода: save
2025-02-05T21:51:53.450+03:00  INFO 16980 --- [WebTasksManager] [http-nio-8080-exec-2] n.o.w.aop.TaskServiceAspect              : Метод успешно выполнен: save
2025-02-05T21:51:53.450+03:00  INFO 16980 --- [WebTasksManager] [http-nio-8080-exec-2] n.o.w.aop.TaskServiceAspect              : После выполнения метода: save
2025-02-05T21:51:53.450+03:00  INFO 16980 --- [WebTasksManager] [http-nio-8080-exec-2] n.o.w.aop.TaskServiceAspect              : Вокруг метода - После выполнения: save
2025-02-05T21:51:53.450+03:00  INFO 16980 --- [WebTasksManager] [http-nio-8080-exec-2] n.o.w.aop.MeasureExecutionTimeAspect     : Метод save был выполнен за: 21 мс
2025-02-05T21:51:53.462+03:00  INFO 16980 --- [WebTasksManager] [http-nio-8080-exec-1] n.o.webtasksmanager.aop.LoggingAspect    : Запущена работа метода: findAll
2025-02-05T21:51:53.462+03:00  INFO 16980 --- [WebTasksManager] [http-nio-8080-exec-1] n.o.w.aop.TaskServiceAspect              : Вокруг метода - Перед выполнением: findAll
2025-02-05T21:51:53.462+03:00  INFO 16980 --- [WebTasksManager] [http-nio-8080-exec-1] n.o.w.aop.TaskServiceAspect              : Перед выполнением метода: findAll
2025-02-05T21:51:53.469+03:00  INFO 16980 --- [WebTasksManager] [http-nio-8080-exec-1] n.o.w.aop.TaskServiceAspect              : Метод успешно выполнен: findAll
2025-02-05T21:51:53.470+03:00  INFO 16980 --- [WebTasksManager] [http-nio-8080-exec-1] n.o.w.aop.TaskServiceAspect              : После выполнения метода: findAll
2025-02-05T21:51:53.470+03:00  INFO 16980 --- [WebTasksManager] [http-nio-8080-exec-1] n.o.w.aop.TaskServiceAspect              : Вокруг метода - После выполнения: findAll
2025-02-05T21:51:53.470+03:00  INFO 16980 --- [WebTasksManager] [http-nio-8080-exec-1] n.o.w.aop.MeasureExecutionTimeAspect     : Метод findAll был выполнен за: 8 мс
2025-02-05T21:51:59.638+03:00  INFO 16980 --- [WebTasksManager] [http-nio-8080-exec-7] o.apache.coyote.http11.Http11Processor   : Error parsing HTTP request header
 Note: further occurrences of HTTP request parsing errors will be logged at DEBUG level.

java.lang.IllegalArgumentException: Invalid character found in method name [0x160x030x010x070x000x010x000x060xfc0x030x030xbf0xf40x8150x910x93PM0xd60x810x00]0x16R0xe9C0xc70xfd0xd7-;0x07C0xdc0xf9T?0x9c0xaf^0x06k ]. HTTP method names must be tokens
	at org.apache.coyote.http11.Http11InputBuffer.parseRequestLine(Http11InputBuffer.java:406) ~[tomcat-embed-core-10.1.34.jar:10.1.34]
	at org.apache.coyote.http11.Http11Processor.service(Http11Processor.java:270) ~[tomcat-embed-core-10.1.34.jar:10.1.34]
	at org.apache.coyote.AbstractProcessorLight.process(AbstractProcessorLight.java:63) ~[tomcat-embed-core-10.1.34.jar:10.1.34]
	at org.apache.coyote.AbstractProtocol$ConnectionHandler.process(AbstractProtocol.java:905) ~[tomcat-embed-core-10.1.34.jar:10.1.34]
	at org.apache.tomcat.util.net.NioEndpoint$SocketProcessor.doRun(NioEndpoint.java:1741) ~[tomcat-embed-core-10.1.34.jar:10.1.34]
	at org.apache.tomcat.util.net.SocketProcessorBase.run(SocketProcessorBase.java:52) ~[tomcat-embed-core-10.1.34.jar:10.1.34]
	at org.apache.tomcat.util.threads.ThreadPoolExecutor.runWorker(ThreadPoolExecutor.java:1190) ~[tomcat-embed-core-10.1.34.jar:10.1.34]
	at org.apache.tomcat.util.threads.ThreadPoolExecutor$Worker.run(ThreadPoolExecutor.java:659) ~[tomcat-embed-core-10.1.34.jar:10.1.34]
	at org.apache.tomcat.util.threads.TaskThread$WrappingRunnable.run(TaskThread.java:63) ~[tomcat-embed-core-10.1.34.jar:10.1.34]
	at java.base/java.lang.Thread.run(Thread.java:840) ~[na:na]

2025-02-05T21:52:49.710+03:00  INFO 16980 --- [WebTasksManager] [SpringApplicationShutdownHook] o.s.b.w.e.tomcat.GracefulShutdown        : Commencing graceful shutdown. Waiting for active requests to complete
2025-02-05T21:52:50.153+03:00  INFO 16980 --- [WebTasksManager] [tomcat-shutdown] o.s.b.w.e.tomcat.GracefulShutdown        : Graceful shutdown complete
2025-02-05T21:52:50.157+03:00  INFO 16980 --- [WebTasksManager] [SpringApplicationShutdownHook] j.LocalContainerEntityManagerFactoryBean : Closing JPA EntityManagerFactory for persistence unit 'default'
2025-02-05T21:52:50.159+03:00  INFO 16980 --- [WebTasksManager] [SpringApplicationShutdownHook] com.zaxxer.hikari.HikariDataSource       : HikariPool-1 - Shutdown initiated...
2025-02-05T21:52:50.163+03:00  INFO 16980 --- [WebTasksManager] [SpringApplicationShutdownHook] com.zaxxer.hikari.HikariDataSource       : HikariPool-1 - Shutdown completed.
2025-02-05T21:52:53.126+03:00  INFO 36836 --- [WebTasksManager] [main] n.o.w.WebTasksManagerApplication         : Starting WebTasksManagerApplication using Java 17.0.9 with PID 36836 (C:\JavaLessons\Spring\WebTasksManager\WebTasksManager\target\classes started by metan in C:\JavaLessons\Spring\WebTasksManager\WebTasksManager)
2025-02-05T21:52:53.129+03:00  INFO 36836 --- [WebTasksManager] [main] n.o.w.WebTasksManagerApplication         : No active profile set, falling back to 1 default profile: "default"
2025-02-05T21:52:53.788+03:00  INFO 36836 --- [WebTasksManager] [main] .s.d.r.c.RepositoryConfigurationDelegate : Bootstrapping Spring Data JPA repositories in DEFAULT mode.
2025-02-05T21:52:53.865+03:00  INFO 36836 --- [WebTasksManager] [main] .s.d.r.c.RepositoryConfigurationDelegate : Finished Spring Data repository scanning in 67 ms. Found 2 JPA repository interfaces.
2025-02-05T21:52:54.632+03:00  INFO 36836 --- [WebTasksManager] [main] o.s.b.w.embedded.tomcat.TomcatWebServer  : Tomcat initialized with port 8080 (http)
2025-02-05T21:52:54.647+03:00  INFO 36836 --- [WebTasksManager] [main] o.apache.catalina.core.StandardService   : Starting service [Tomcat]
2025-02-05T21:52:54.647+03:00  INFO 36836 --- [WebTasksManager] [main] o.apache.catalina.core.StandardEngine    : Starting Servlet engine: [Apache Tomcat/10.1.34]
2025-02-05T21:52:54.743+03:00  INFO 36836 --- [WebTasksManager] [main] o.a.c.c.C.[Tomcat].[localhost].[/]       : Initializing Spring embedded WebApplicationContext
2025-02-05T21:52:54.744+03:00  INFO 36836 --- [WebTasksManager] [main] w.s.c.ServletWebServerApplicationContext : Root WebApplicationContext: initialization completed in 1568 ms
2025-02-05T21:52:54.895+03:00  INFO 36836 --- [WebTasksManager] [main] o.hibernate.jpa.internal.util.LogHelper  : HHH000204: Processing PersistenceUnitInfo [name: default]
2025-02-05T21:52:54.958+03:00  INFO 36836 --- [WebTasksManager] [main] org.hibernate.Version                    : HHH000412: Hibernate ORM core version 6.6.5.Final
2025-02-05T21:52:55.007+03:00  INFO 36836 --- [WebTasksManager] [main] o.h.c.internal.RegionFactoryInitiator    : HHH000026: Second-level cache disabled
2025-02-05T21:52:55.288+03:00  INFO 36836 --- [WebTasksManager] [main] o.s.o.j.p.SpringPersistenceUnitInfo      : No LoadTimeWeaver setup: ignoring JPA class transformer
2025-02-05T21:52:55.319+03:00  INFO 36836 --- [WebTasksManager] [main] com.zaxxer.hikari.HikariDataSource       : HikariPool-1 - Starting...
2025-02-05T21:52:55.478+03:00  INFO 36836 --- [WebTasksManager] [main] com.zaxxer.hikari.pool.HikariPool        : HikariPool-1 - Added connection org.postgresql.jdbc.PgConnection@6f4d2294
2025-02-05T21:52:55.480+03:00  INFO 36836 --- [WebTasksManager] [main] com.zaxxer.hikari.HikariDataSource       : HikariPool-1 - Start completed.
2025-02-05T21:52:55.512+03:00  WARN 36836 --- [WebTasksManager] [main] org.hibernate.orm.deprecation            : HHH90000025: PostgreSQLDialect does not need to be specified explicitly using 'hibernate.dialect' (remove the property setting and it will be selected by default)
2025-02-05T21:52:55.549+03:00  INFO 36836 --- [WebTasksManager] [main] org.hibernate.orm.connections.pooling    : HHH10001005: Database info:
	Database JDBC URL [Connecting through datasource 'HikariDataSource (HikariPool-1)']
	Database driver: undefined/unknown
	Database version: 17.2
	Autocommit mode: undefined/unknown
	Isolation level: undefined/unknown
	Minimum pool size: undefined/unknown
	Maximum pool size: undefined/unknown
2025-02-05T21:52:56.517+03:00  INFO 36836 --- [WebTasksManager] [main] o.h.e.t.j.p.i.JtaPlatformInitiator       : HHH000489: No JTA platform available (set 'hibernate.transaction.jta.platform' to enable JTA platform integration)
2025-02-05T21:52:56.678+03:00  INFO 36836 --- [WebTasksManager] [main] j.LocalContainerEntityManagerFactoryBean : Initialized JPA EntityManagerFactory for persistence unit 'default'
2025-02-05T21:52:57.039+03:00  INFO 36836 --- [WebTasksManager] [main] r$InitializeUserDetailsManagerConfigurer : Global AuthenticationManager configured with UserDetailsService bean with name userPrincipalService
2025-02-05T21:52:57.114+03:00  WARN 36836 --- [WebTasksManager] [main] JpaBaseConfiguration$JpaWebConfiguration : spring.jpa.open-in-view is enabled by default. Therefore, database queries may be performed during view rendering. Explicitly configure spring.jpa.open-in-view to disable this warning
2025-02-05T21:52:57.744+03:00  INFO 36836 --- [WebTasksManager] [main] o.s.b.w.embedded.tomcat.TomcatWebServer  : Tomcat started on port 8080 (http) with context path '/'
2025-02-05T21:52:57.752+03:00  INFO 36836 --- [WebTasksManager] [main] n.o.w.WebTasksManagerApplication         : Started WebTasksManagerApplication in 5.123 seconds (process running for 5.866)
2025-02-05T21:52:57.865+03:00  INFO 36836 --- [WebTasksManager] [http-nio-8080-exec-1] o.a.c.c.C.[Tomcat].[localhost].[/]       : Initializing Spring DispatcherServlet 'dispatcherServlet'
2025-02-05T21:52:57.866+03:00  INFO 36836 --- [WebTasksManager] [http-nio-8080-exec-1] o.s.web.servlet.DispatcherServlet        : Initializing Servlet 'dispatcherServlet'
2025-02-05T21:52:57.867+03:00  INFO 36836 --- [WebTasksManager] [http-nio-8080-exec-1] o.s.web.servlet.DispatcherServlet        : Completed initialization in 1 ms
2025-02-05T21:53:07.499+03:00  INFO 36836 --- [WebTasksManager] [http-nio-8080-exec-5] n.o.webtasksmanager.aop.LoggingAspect    : Запущена работа метода: save
2025-02-05T21:53:07.499+03:00  INFO 36836 --- [WebTasksManager] [http-nio-8080-exec-5] n.o.w.aop.TaskServiceAspect              : Вокруг метода - Перед выполнением: save
2025-02-05T21:53:07.499+03:00  INFO 36836 --- [WebTasksManager] [http-nio-8080-exec-5] n.o.w.aop.TaskServiceAspect              : Перед выполнением метода: save
2025-02-05T21:53:07.559+03:00  INFO 36836 --- [WebTasksManager] [http-nio-8080-exec-5] n.o.w.aop.TaskServiceAspect              : Метод успешно выполнен: save
2025-02-05T21:53:07.560+03:00  INFO 36836 --- [WebTasksManager] [http-nio-8080-exec-5] n.o.w.aop.TaskServiceAspect              : После выполнения метода: save
2025-02-05T21:53:07.560+03:00  INFO 36836 --- [WebTasksManager] [http-nio-8080-exec-5] n.o.w.aop.TaskServiceAspect              : Вокруг метода - После выполнения: save
2025-02-05T21:53:07.560+03:00  INFO 36836 --- [WebTasksManager] [http-nio-8080-exec-5] n.o.w.aop.MeasureExecutionTimeAspect     : Метод save был выполнен за: 61 мс
2025-02-05T21:53:07.581+03:00  INFO 36836 --- [WebTasksManager] [http-nio-8080-exec-6] n.o.webtasksmanager.aop.LoggingAspect    : Запущена работа метода: findAll
2025-02-05T21:53:07.582+03:00  INFO 36836 --- [WebTasksManager] [http-nio-8080-exec-6] n.o.w.aop.TaskServiceAspect              : Вокруг метода - Перед выполнением: findAll
2025-02-05T21:53:07.582+03:00  INFO 36836 --- [WebTasksManager] [http-nio-8080-exec-6] n.o.w.aop.TaskServiceAspect              : Перед выполнением метода: findAll
2025-02-05T21:53:07.590+03:00  INFO 36836 --- [WebTasksManager] [http-nio-8080-exec-6] n.o.w.aop.TaskServiceAspect              : Метод успешно выполнен: findAll
2025-02-05T21:53:07.591+03:00  INFO 36836 --- [WebTasksManager] [http-nio-8080-exec-6] n.o.w.aop.TaskServiceAspect              : После выполнения метода: findAll
2025-02-05T21:53:07.591+03:00  INFO 36836 --- [WebTasksManager] [http-nio-8080-exec-6] n.o.w.aop.TaskServiceAspect              : Вокруг метода - После выполнения: findAll
2025-02-05T21:53:07.591+03:00  INFO 36836 --- [WebTasksManager] [http-nio-8080-exec-6] n.o.w.aop.MeasureExecutionTimeAspect     : Метод findAll был выполнен за: 9 мс
2025-02-05T21:53:10.484+03:00  INFO 36836 --- [WebTasksManager] [http-nio-8080-exec-10] n.o.webtasksmanager.aop.LoggingAspect    : Запущена работа метода: deleteById
2025-02-05T21:53:10.484+03:00  INFO 36836 --- [WebTasksManager] [http-nio-8080-exec-10] n.o.w.aop.TaskServiceAspect              : Вокруг метода - Перед выполнением: deleteById
2025-02-05T21:53:10.485+03:00  INFO 36836 --- [WebTasksManager] [http-nio-8080-exec-10] n.o.w.aop.TaskServiceAspect              : Перед выполнением метода: deleteById
2025-02-05T21:53:10.759+03:00  INFO 36836 --- [WebTasksManager] [http-nio-8080-exec-10] n.o.w.aop.TaskServiceAspect              : Метод успешно выполнен: deleteById
2025-02-05T21:53:10.759+03:00  INFO 36836 --- [WebTasksManager] [http-nio-8080-exec-10] n.o.w.aop.TaskServiceAspect              : После выполнения метода: deleteById
2025-02-05T21:53:10.759+03:00  INFO 36836 --- [WebTasksManager] [http-nio-8080-exec-10] n.o.w.aop.TaskServiceAspect              : Вокруг метода - После выполнения: deleteById
2025-02-05T21:53:10.759+03:00  INFO 36836 --- [WebTasksManager] [http-nio-8080-exec-10] n.o.w.aop.MeasureExecutionTimeAspect     : Метод deleteById был выполнен за: 275 мс
2025-02-05T21:53:10.773+03:00  INFO 36836 --- [WebTasksManager] [http-nio-8080-exec-1] n.o.webtasksmanager.aop.LoggingAspect    : Запущена работа метода: findAll
2025-02-05T21:53:10.774+03:00  INFO 36836 --- [WebTasksManager] [http-nio-8080-exec-1] n.o.w.aop.TaskServiceAspect              : Вокруг метода - Перед выполнением: findAll
2025-02-05T21:53:10.774+03:00  INFO 36836 --- [WebTasksManager] [http-nio-8080-exec-1] n.o.w.aop.TaskServiceAspect              : Перед выполнением метода: findAll
2025-02-05T21:53:10.778+03:00  INFO 36836 --- [WebTasksManager] [http-nio-8080-exec-1] n.o.w.aop.TaskServiceAspect              : Метод успешно выполнен: findAll
2025-02-05T21:53:10.778+03:00  INFO 36836 --- [WebTasksManager] [http-nio-8080-exec-1] n.o.w.aop.TaskServiceAspect              : После выполнения метода: findAll
2025-02-05T21:53:10.779+03:00  INFO 36836 --- [WebTasksManager] [http-nio-8080-exec-1] n.o.w.aop.TaskServiceAspect              : Вокруг метода - После выполнения: findAll
2025-02-05T21:53:10.779+03:00  INFO 36836 --- [WebTasksManager] [http-nio-8080-exec-1] n.o.w.aop.MeasureExecutionTimeAspect     : Метод findAll был выполнен за: 5 мс
2025-02-05T21:53:11.754+03:00  INFO 36836 --- [WebTasksManager] [http-nio-8080-exec-5] n.o.webtasksmanager.aop.LoggingAspect    : Запущена работа метода: findById
2025-02-05T21:53:11.754+03:00  INFO 36836 --- [WebTasksManager] [http-nio-8080-exec-5] n.o.w.aop.TaskServiceAspect              : Вокруг метода - Перед выполнением: findById
2025-02-05T21:53:11.754+03:00  INFO 36836 --- [WebTasksManager] [http-nio-8080-exec-5] n.o.w.aop.TaskServiceAspect              : Перед выполнением метода: findById
2025-02-05T21:53:11.759+03:00  INFO 36836 --- [WebTasksManager] [http-nio-8080-exec-5] n.o.w.aop.TaskServiceAspect              : Метод успешно выполнен: findById
2025-02-05T21:53:11.759+03:00  INFO 36836 --- [WebTasksManager] [http-nio-8080-exec-5] n.o.w.aop.TaskServiceAspect              : После выполнения метода: findById
2025-02-05T21:53:11.759+03:00  INFO 36836 --- [WebTasksManager] [http-nio-8080-exec-5] n.o.w.aop.TaskServiceAspect              : Вокруг метода - После выполнения: findById
2025-02-05T21:53:11.759+03:00  INFO 36836 --- [WebTasksManager] [http-nio-8080-exec-5] n.o.w.aop.MeasureExecutionTimeAspect     : Метод findById был выполнен за: 5 мс
2025-02-05T21:53:13.765+03:00  INFO 36836 --- [WebTasksManager] [http-nio-8080-exec-9] n.o.webtasksmanager.aop.LoggingAspect    : Запущена работа метода: findAll
2025-02-05T21:53:13.765+03:00  INFO 36836 --- [WebTasksManager] [http-nio-8080-exec-9] n.o.w.aop.TaskServiceAspect              : Вокруг метода - Перед выполнением: findAll
2025-02-05T21:53:13.765+03:00  INFO 36836 --- [WebTasksManager] [http-nio-8080-exec-9] n.o.w.aop.TaskServiceAspect              : Перед выполнением метода: findAll
2025-02-05T21:53:13.771+03:00  INFO 36836 --- [WebTasksManager] [http-nio-8080-exec-9] n.o.w.aop.TaskServiceAspect              : Метод успешно выполнен: findAll
2025-02-05T21:53:13.771+03:00  INFO 36836 --- [WebTasksManager] [http-nio-8080-exec-9] n.o.w.aop.TaskServiceAspect              : После выполнения метода: findAll
2025-02-05T21:53:13.771+03:00  INFO 36836 --- [WebTasksManager] [http-nio-8080-exec-9] n.o.w.aop.TaskServiceAspect              : Вокруг метода - После выполнения: findAll
2025-02-05T21:53:13.771+03:00  INFO 36836 --- [WebTasksManager] [http-nio-8080-exec-9] n.o.w.aop.MeasureExecutionTimeAspect     : Метод findAll был выполнен за: 6 мс
2025-02-05T21:53:16.425+03:00  INFO 36836 --- [WebTasksManager] [http-nio-8080-exec-3] n.o.webtasksmanager.aop.LoggingAspect    : Запущена работа метода: deleteById
2025-02-05T21:53:16.426+03:00  INFO 36836 --- [WebTasksManager] [http-nio-8080-exec-3] n.o.w.aop.TaskServiceAspect              : Вокруг метода - Перед выполнением: deleteById
2025-02-05T21:53:16.426+03:00  INFO 36836 --- [WebTasksManager] [http-nio-8080-exec-3] n.o.w.aop.TaskServiceAspect              : Перед выполнением метода: deleteById
2025-02-05T21:53:16.446+03:00  INFO 36836 --- [WebTasksManager] [http-nio-8080-exec-3] n.o.w.aop.TaskServiceAspect              : Метод успешно выполнен: deleteById
2025-02-05T21:53:16.446+03:00  INFO 36836 --- [WebTasksManager] [http-nio-8080-exec-3] n.o.w.aop.TaskServiceAspect              : После выполнения метода: deleteById
2025-02-05T21:53:16.446+03:00  INFO 36836 --- [WebTasksManager] [http-nio-8080-exec-3] n.o.w.aop.TaskServiceAspect              : Вокруг метода - После выполнения: deleteById
2025-02-05T21:53:16.446+03:00  INFO 36836 --- [WebTasksManager] [http-nio-8080-exec-3] n.o.w.aop.MeasureExecutionTimeAspect     : Метод deleteById был выполнен за: 20 мс
2025-02-05T21:53:16.462+03:00  INFO 36836 --- [WebTasksManager] [http-nio-8080-exec-4] n.o.webtasksmanager.aop.LoggingAspect    : Запущена работа метода: findAll
2025-02-05T21:53:16.462+03:00  INFO 36836 --- [WebTasksManager] [http-nio-8080-exec-4] n.o.w.aop.TaskServiceAspect              : Вокруг метода - Перед выполнением: findAll
2025-02-05T21:53:16.462+03:00  INFO 36836 --- [WebTasksManager] [http-nio-8080-exec-4] n.o.w.aop.TaskServiceAspect              : Перед выполнением метода: findAll
2025-02-05T21:53:16.466+03:00  INFO 36836 --- [WebTasksManager] [http-nio-8080-exec-4] n.o.w.aop.TaskServiceAspect              : Метод успешно выполнен: findAll
2025-02-05T21:53:16.466+03:00  INFO 36836 --- [WebTasksManager] [http-nio-8080-exec-4] n.o.w.aop.TaskServiceAspect              : После выполнения метода: findAll
2025-02-05T21:53:16.466+03:00  INFO 36836 --- [WebTasksManager] [http-nio-8080-exec-4] n.o.w.aop.TaskServiceAspect              : Вокруг метода - После выполнения: findAll
2025-02-05T21:53:16.466+03:00  INFO 36836 --- [WebTasksManager] [http-nio-8080-exec-4] n.o.w.aop.MeasureExecutionTimeAspect     : Метод findAll был выполнен за: 4 мс
2025-02-05T21:53:23.366+03:00  INFO 36836 --- [WebTasksManager] [SpringApplicationShutdownHook] o.s.b.w.e.tomcat.GracefulShutdown        : Commencing graceful shutdown. Waiting for active requests to complete
2025-02-05T21:53:23.806+03:00  INFO 36836 --- [WebTasksManager] [tomcat-shutdown] o.s.b.w.e.tomcat.GracefulShutdown        : Graceful shutdown complete
2025-02-05T21:53:23.806+03:00  INFO 36836 --- [WebTasksManager] [SpringApplicationShutdownHook] j.LocalContainerEntityManagerFactoryBean : Closing JPA EntityManagerFactory for persistence unit 'default'
2025-02-05T21:53:23.806+03:00  INFO 36836 --- [WebTasksManager] [SpringApplicationShutdownHook] com.zaxxer.hikari.HikariDataSource       : HikariPool-1 - Shutdown initiated...
2025-02-05T21:53:23.820+03:00  INFO 36836 --- [WebTasksManager] [SpringApplicationShutdownHook] com.zaxxer.hikari.HikariDataSource       : HikariPool-1 - Shutdown completed.
